<?xml version="1.0" encoding="UTF-8"?>
<testng-results ignored="0" total="1" passed="1" failed="0" skipped="0">
  <reporter-output>
  </reporter-output>
  <suite started-at="2026-03-28T11:28:56 IST" name="Default suite" finished-at="2026-03-28T11:28:56 IST" duration-ms="94">
    <groups>
    </groups>
    <test started-at="2026-03-28T11:28:56 IST" name="Default test" finished-at="2026-03-28T11:28:56 IST" duration-ms="94">
      <class name="com.test.Dumm.Ok">
        <test-method signature="test()[pri:0, instance:com.test.Dumm.Ok@139982de]" started-at="2026-03-28T11:28:56 IST" name="test" finished-at="2026-03-28T11:28:56 IST" duration-ms="21" status="PASS">
          <reporter-output>
          </reporter-output>
        </test-method> <!-- test -->
      </class> <!-- com.test.Dumm.Ok -->
    </test> <!-- Default test -->
  </suite> <!-- Default suite -->
</testng-results>
